<?xml version="1.0" encoding="UTF-8"?>
<!-- Generated by org.testng.reporters.JUnitReportReporter -->
<testsuite skipped="0" hostname="HDC2-D-GLV0RG2" name="test.Testng1" tests="1" failures="0" timestamp="27 May 2019 04:40:07 GMT" time="63.773" errors="0">
  <testcase name="f" time="63.773" classname="test.Testng1"/>
</testsuite> <!-- test.Testng1 -->
