<?xml version="1.0" encoding="UTF-8"?>
<!-- Generated by org.testng.reporters.JUnitReportReporter -->
<testsuite skipped="0" hostname="HDC2-D-GLV0RG2" name="Testng_1.Testng1" tests="1" failures="0" timestamp="24 May 2019 10:44:40 GMT" time="10.033" errors="0">
  <testcase name="f" time="10.033" classname="Testng_1.Testng1"/>
</testsuite> <!-- Testng_1.Testng1 -->
