<?xml version="1.0" encoding="UTF-8"?>
<!-- Generated by org.testng.reporters.JUnitReportReporter -->
<testsuite skipped="0" hostname="HDC2-D-GLV0RG2" name="testselenium.Excel_demo1" tests="1" failures="0" timestamp="28 May 2019 12:10:44 GMT" time="0.945" errors="0">
  <testcase name="f" time="0.945" classname="testselenium.Excel_demo1"/>
</testsuite> <!-- testselenium.Excel_demo1 -->
