<?xml version="1.0" encoding="UTF-8"?>
<!-- Generated by org.testng.reporters.JUnitReportReporter -->
<testsuite skipped="0" hostname="HDC2-D-GLV0RG2" name="testselenium.table" tests="1" failures="0" timestamp="27 May 2019 11:47:14 GMT" time="12.116" errors="0">
  <testcase name="f" time="12.116" classname="testselenium.table"/>
</testsuite> <!-- testselenium.table -->
