<?xml version="1.0" encoding="UTF-8"?>
<!-- Generated by org.testng.reporters.JUnitReportReporter -->
<testsuite skipped="0" hostname="HDC2-D-GLV0RG2" name="testselenium.Action" tests="1" failures="0" timestamp="28 May 2019 04:41:01 GMT" time="33.049" errors="0">
  <testcase name="f" time="33.049" classname="testselenium.Action"/>
</testsuite> <!-- testselenium.Action -->
