<?xml version="1.0" encoding="UTF-8"?>
<!-- Generated by org.testng.reporters.JUnitReportReporter -->
<testsuite skipped="0" hostname="HDC2-D-GLV0RG2" name="testselenium.Excel_demo" tests="1" failures="0" timestamp="28 May 2019 12:05:37 GMT" time="1.540" errors="0">
  <testcase name="f" time="1.540" classname="testselenium.Excel_demo"/>
</testsuite> <!-- testselenium.Excel_demo -->
