<?xml version="1.0" encoding="UTF-8"?>
<!-- Generated by org.testng.reporters.JUnitReportReporter -->
<testsuite skipped="0" hostname="HDC2-D-GLV0RG2" name="testselenium.Testng1" tests="2" failures="0" timestamp="31 May 2019 11:03:38 GMT" time="30.636" errors="0">
  <testcase name="shri" time="0.026" classname="testselenium.Testng1"/>
  <testcase name="f" time="30.610" classname="testselenium.Testng1"/>
</testsuite> <!-- testselenium.Testng1 -->
