<?xml version="1.0" encoding="UTF-8"?>
<!-- Generated by org.testng.reporters.JUnitReportReporter -->
<testsuite skipped="0" hostname="HDC2-D-GLV0RG2" name="testselenium.collectionss" tests="1" failures="0" timestamp="27 May 2019 07:26:46 GMT" time="36.890" errors="0">
  <testcase name="f" time="36.890" classname="testselenium.collectionss"/>
</testsuite> <!-- testselenium.collectionss -->
