<?xml version="1.0" encoding="UTF-8"?>
<!-- Generated by org.testng.reporters.JUnitReportReporter -->
<testsuite skipped="0" hostname="HDC2-D-GLV0RG2" name="testselenium.Demo_TestNg" tests="3" failures="0" timestamp="29 May 2019 03:37:10 GMT" time="0.013" errors="0">
  <testcase name="aso" time="0.007" classname="testselenium.Demo_TestNg"/>
  <testcase name="shri" time="0.004" classname="testselenium.Demo_TestNg"/>
  <testcase name="f" time="0.002" classname="testselenium.Demo_TestNg"/>
</testsuite> <!-- testselenium.Demo_TestNg -->
